{"C:\\Users\\gerar\\Desktop\\Tarea Ayd\\controllers\\endpoints.controller.js": {"path":"C:\\Users\\gerar\\Desktop\\Tarea Ayd\\controllers\\endpoints.controller.js","statementMap":{"0":{"start":{"line":3,"column":21},"end":{"line":3,"column":29}},"1":{"start":{"line":4,"column":4},"end":{"line":4,"column":90}},"2":{"start":{"line":4,"column":27},"end":{"line":4,"column":89}},"3":{"start":{"line":5,"column":4},"end":{"line":9,"column":5}},"4":{"start":{"line":6,"column":8},"end":{"line":6,"column":83}},"5":{"start":{"line":8,"column":8},"end":{"line":8,"column":77}},"6":{"start":{"line":13,"column":21},"end":{"line":13,"column":29}},"7":{"start":{"line":14,"column":4},"end":{"line":14,"column":90}},"8":{"start":{"line":14,"column":27},"end":{"line":14,"column":89}},"9":{"start":{"line":15,"column":4},"end":{"line":19,"column":5}},"10":{"start":{"line":16,"column":8},"end":{"line":16,"column":83}},"11":{"start":{"line":18,"column":8},"end":{"line":18,"column":82}},"12":{"start":{"line":23,"column":21},"end":{"line":23,"column":29}},"13":{"start":{"line":24,"column":4},"end":{"line":24,"column":90}},"14":{"start":{"line":24,"column":27},"end":{"line":24,"column":89}},"15":{"start":{"line":25,"column":4},"end":{"line":29,"column":5}},"16":{"start":{"line":26,"column":8},"end":{"line":26,"column":83}},"17":{"start":{"line":28,"column":8},"end":{"line":28,"column":81}},"18":{"start":{"line":32,"column":0},"end":{"line":36,"column":1}}},"fnMap":{"0":{"name":"registrarEstudiante","decl":{"start":{"line":2,"column":9},"end":{"line":2,"column":28}},"loc":{"start":{"line":2,"column":38},"end":{"line":10,"column":1}},"line":2},"1":{"name":"inicioSesion","decl":{"start":{"line":12,"column":9},"end":{"line":12,"column":21}},"loc":{"start":{"line":12,"column":31},"end":{"line":20,"column":1}},"line":12},"2":{"name":"asignacion","decl":{"start":{"line":22,"column":9},"end":{"line":22,"column":19}},"loc":{"start":{"line":22,"column":29},"end":{"line":30,"column":1}},"line":22}},"branchMap":{"0":{"loc":{"start":{"line":4,"column":4},"end":{"line":4,"column":90}},"type":"if","locations":[{"start":{"line":4,"column":4},"end":{"line":4,"column":90}},{"start":{},"end":{}}],"line":4},"1":{"loc":{"start":{"line":5,"column":4},"end":{"line":9,"column":5}},"type":"if","locations":[{"start":{"line":5,"column":4},"end":{"line":9,"column":5}},{"start":{"line":7,"column":10},"end":{"line":9,"column":5}}],"line":5},"2":{"loc":{"start":{"line":5,"column":8},"end":{"line":5,"column":244}},"type":"binary-expr","locations":[{"start":{"line":5,"column":8},"end":{"line":5,"column":39}},{"start":{"line":5,"column":43},"end":{"line":5,"column":72}},{"start":{"line":5,"column":76},"end":{"line":5,"column":107}},{"start":{"line":5,"column":111},"end":{"line":5,"column":143}},{"start":{"line":5,"column":147},"end":{"line":5,"column":177}},{"start":{"line":5,"column":181},"end":{"line":5,"column":207}},{"start":{"line":5,"column":211},"end":{"line":5,"column":244}}],"line":5},"3":{"loc":{"start":{"line":14,"column":4},"end":{"line":14,"column":90}},"type":"if","locations":[{"start":{"line":14,"column":4},"end":{"line":14,"column":90}},{"start":{},"end":{}}],"line":14},"4":{"loc":{"start":{"line":15,"column":4},"end":{"line":19,"column":5}},"type":"if","locations":[{"start":{"line":15,"column":4},"end":{"line":19,"column":5}},{"start":{"line":17,"column":10},"end":{"line":19,"column":5}}],"line":15},"5":{"loc":{"start":{"line":15,"column":8},"end":{"line":15,"column":70}},"type":"binary-expr","locations":[{"start":{"line":15,"column":8},"end":{"line":15,"column":40}},{"start":{"line":15,"column":44},"end":{"line":15,"column":70}}],"line":15},"6":{"loc":{"start":{"line":24,"column":4},"end":{"line":24,"column":90}},"type":"if","locations":[{"start":{"line":24,"column":4},"end":{"line":24,"column":90}},{"start":{},"end":{}}],"line":24},"7":{"loc":{"start":{"line":25,"column":4},"end":{"line":29,"column":5}},"type":"if","locations":[{"start":{"line":25,"column":4},"end":{"line":29,"column":5}},{"start":{"line":27,"column":10},"end":{"line":29,"column":5}}],"line":25},"8":{"loc":{"start":{"line":25,"column":8},"end":{"line":25,"column":201}},"type":"binary-expr","locations":[{"start":{"line":25,"column":8},"end":{"line":25,"column":42}},{"start":{"line":25,"column":46},"end":{"line":25,"column":78}},{"start":{"line":25,"column":82},"end":{"line":25,"column":109}},{"start":{"line":25,"column":113},"end":{"line":25,"column":142}},{"start":{"line":25,"column":146},"end":{"line":25,"column":171}},{"start":{"line":25,"column":175},"end":{"line":25,"column":201}}],"line":25}},"s":{"0":4,"1":4,"2":1,"3":3,"4":1,"5":2,"6":0,"7":0,"8":0,"9":0,"10":0,"11":0,"12":0,"13":0,"14":0,"15":0,"16":0,"17":0,"18":1},"f":{"0":4,"1":0,"2":0},"b":{"0":[1,3],"1":[1,2],"2":[3,3,3,3,2,2,2],"3":[0,0],"4":[0,0],"5":[0,0],"6":[0,0],"7":[0,0],"8":[0,0,0,0,0,0]},"_coverageSchema":"1a1c01bbd47fc00a2c39e90264f33305004495a9","hash":"835fa8e318b081c76b74bf9309104e63d8bc5304"}
,"C:\\Users\\gerar\\Desktop\\Tarea Ayd\\routes\\endpoints.route.js": {"path":"C:\\Users\\gerar\\Desktop\\Tarea Ayd\\routes\\endpoints.route.js","statementMap":{"0":{"start":{"line":1,"column":14},"end":{"line":1,"column":32}},"1":{"start":{"line":2,"column":17},"end":{"line":2,"column":63}},"2":{"start":{"line":3,"column":12},"end":{"line":3,"column":21}},"3":{"start":{"line":4,"column":0},"end":{"line":4,"column":24}},"4":{"start":{"line":6,"column":0},"end":{"line":6,"column":52}},"5":{"start":{"line":7,"column":0},"end":{"line":7,"column":64}},"6":{"start":{"line":8,"column":0},"end":{"line":8,"column":44}},"7":{"start":{"line":10,"column":0},"end":{"line":10,"column":21}}},"fnMap":{},"branchMap":{},"s":{"0":1,"1":1,"2":1,"3":1,"4":1,"5":1,"6":1,"7":1},"f":{},"b":{},"_coverageSchema":"1a1c01bbd47fc00a2c39e90264f33305004495a9","hash":"5dcbdaaff1f0101fced28039130d4ac53a9019f6"}
}
