{"C:\\Users\\gerar\\Desktop\\Tarea Ayd\\Tarea2Ayd1\\controllers\\endpoints.controller.js": {"path":"C:\\Users\\gerar\\Desktop\\Tarea Ayd\\Tarea2Ayd1\\controllers\\endpoints.controller.js","statementMap":{"0":{"start":{"line":3,"column":21},"end":{"line":3,"column":29}},"1":{"start":{"line":4,"column":4},"end":{"line":4,"column":90}},"2":{"start":{"line":4,"column":27},"end":{"line":4,"column":89}},"3":{"start":{"line":5,"column":4},"end":{"line":5,"column":120}},"4":{"start":{"line":5,"column":46},"end":{"line":5,"column":119}},"5":{"start":{"line":6,"column":4},"end":{"line":10,"column":5}},"6":{"start":{"line":7,"column":8},"end":{"line":7,"column":83}},"7":{"start":{"line":9,"column":8},"end":{"line":9,"column":77}},"8":{"start":{"line":14,"column":21},"end":{"line":14,"column":29}},"9":{"start":{"line":15,"column":4},"end":{"line":15,"column":90}},"10":{"start":{"line":15,"column":27},"end":{"line":15,"column":89}},"11":{"start":{"line":16,"column":4},"end":{"line":20,"column":5}},"12":{"start":{"line":17,"column":8},"end":{"line":17,"column":83}},"13":{"start":{"line":19,"column":8},"end":{"line":19,"column":82}},"14":{"start":{"line":24,"column":21},"end":{"line":24,"column":29}},"15":{"start":{"line":25,"column":4},"end":{"line":25,"column":90}},"16":{"start":{"line":25,"column":27},"end":{"line":25,"column":89}},"17":{"start":{"line":26,"column":4},"end":{"line":30,"column":5}},"18":{"start":{"line":27,"column":8},"end":{"line":27,"column":83}},"19":{"start":{"line":29,"column":8},"end":{"line":29,"column":81}},"20":{"start":{"line":33,"column":0},"end":{"line":37,"column":1}}},"fnMap":{"0":{"name":"registrarEstudiante","decl":{"start":{"line":2,"column":9},"end":{"line":2,"column":28}},"loc":{"start":{"line":2,"column":38},"end":{"line":11,"column":1}},"line":2},"1":{"name":"inicioSesion","decl":{"start":{"line":13,"column":9},"end":{"line":13,"column":21}},"loc":{"start":{"line":13,"column":31},"end":{"line":21,"column":1}},"line":13},"2":{"name":"asignacion","decl":{"start":{"line":23,"column":9},"end":{"line":23,"column":19}},"loc":{"start":{"line":23,"column":29},"end":{"line":31,"column":1}},"line":23}},"branchMap":{"0":{"loc":{"start":{"line":4,"column":4},"end":{"line":4,"column":90}},"type":"if","locations":[{"start":{"line":4,"column":4},"end":{"line":4,"column":90}},{"start":{},"end":{}}],"line":4},"1":{"loc":{"start":{"line":5,"column":4},"end":{"line":5,"column":120}},"type":"if","locations":[{"start":{"line":5,"column":4},"end":{"line":5,"column":120}},{"start":{},"end":{}}],"line":5},"2":{"loc":{"start":{"line":6,"column":4},"end":{"line":10,"column":5}},"type":"if","locations":[{"start":{"line":6,"column":4},"end":{"line":10,"column":5}},{"start":{"line":8,"column":10},"end":{"line":10,"column":5}}],"line":6},"3":{"loc":{"start":{"line":6,"column":8},"end":{"line":6,"column":244}},"type":"binary-expr","locations":[{"start":{"line":6,"column":8},"end":{"line":6,"column":39}},{"start":{"line":6,"column":43},"end":{"line":6,"column":72}},{"start":{"line":6,"column":76},"end":{"line":6,"column":107}},{"start":{"line":6,"column":111},"end":{"line":6,"column":143}},{"start":{"line":6,"column":147},"end":{"line":6,"column":177}},{"start":{"line":6,"column":181},"end":{"line":6,"column":207}},{"start":{"line":6,"column":211},"end":{"line":6,"column":244}}],"line":6},"4":{"loc":{"start":{"line":15,"column":4},"end":{"line":15,"column":90}},"type":"if","locations":[{"start":{"line":15,"column":4},"end":{"line":15,"column":90}},{"start":{},"end":{}}],"line":15},"5":{"loc":{"start":{"line":16,"column":4},"end":{"line":20,"column":5}},"type":"if","locations":[{"start":{"line":16,"column":4},"end":{"line":20,"column":5}},{"start":{"line":18,"column":10},"end":{"line":20,"column":5}}],"line":16},"6":{"loc":{"start":{"line":16,"column":8},"end":{"line":16,"column":70}},"type":"binary-expr","locations":[{"start":{"line":16,"column":8},"end":{"line":16,"column":40}},{"start":{"line":16,"column":44},"end":{"line":16,"column":70}}],"line":16},"7":{"loc":{"start":{"line":25,"column":4},"end":{"line":25,"column":90}},"type":"if","locations":[{"start":{"line":25,"column":4},"end":{"line":25,"column":90}},{"start":{},"end":{}}],"line":25},"8":{"loc":{"start":{"line":26,"column":4},"end":{"line":30,"column":5}},"type":"if","locations":[{"start":{"line":26,"column":4},"end":{"line":30,"column":5}},{"start":{"line":28,"column":10},"end":{"line":30,"column":5}}],"line":26},"9":{"loc":{"start":{"line":26,"column":8},"end":{"line":26,"column":201}},"type":"binary-expr","locations":[{"start":{"line":26,"column":8},"end":{"line":26,"column":42}},{"start":{"line":26,"column":46},"end":{"line":26,"column":78}},{"start":{"line":26,"column":82},"end":{"line":26,"column":109}},{"start":{"line":26,"column":113},"end":{"line":26,"column":142}},{"start":{"line":26,"column":146},"end":{"line":26,"column":171}},{"start":{"line":26,"column":175},"end":{"line":26,"column":201}}],"line":26}},"s":{"0":5,"1":5,"2":1,"3":4,"4":1,"5":3,"6":1,"7":2,"8":4,"9":4,"10":1,"11":3,"12":1,"13":2,"14":4,"15":4,"16":1,"17":3,"18":1,"19":2,"20":1},"f":{"0":5,"1":4,"2":4},"b":{"0":[1,4],"1":[1,3],"2":[1,2],"3":[3,3,3,3,2,2,2],"4":[1,3],"5":[1,2],"6":[3,2],"7":[1,3],"8":[1,2],"9":[3,3,3,2,2,2]},"_coverageSchema":"1a1c01bbd47fc00a2c39e90264f33305004495a9","hash":"0b2fff478630ce37a3af54a2c0546fc971cc2e6c"}
,"C:\\Users\\gerar\\Desktop\\Tarea Ayd\\Tarea2Ayd1\\routes\\endpoints.route.js": {"path":"C:\\Users\\gerar\\Desktop\\Tarea Ayd\\Tarea2Ayd1\\routes\\endpoints.route.js","statementMap":{"0":{"start":{"line":1,"column":14},"end":{"line":1,"column":32}},"1":{"start":{"line":2,"column":17},"end":{"line":2,"column":63}},"2":{"start":{"line":3,"column":12},"end":{"line":3,"column":21}},"3":{"start":{"line":4,"column":0},"end":{"line":4,"column":24}},"4":{"start":{"line":6,"column":0},"end":{"line":6,"column":52}},"5":{"start":{"line":7,"column":0},"end":{"line":7,"column":64}},"6":{"start":{"line":8,"column":0},"end":{"line":8,"column":44}},"7":{"start":{"line":10,"column":0},"end":{"line":10,"column":21}}},"fnMap":{},"branchMap":{},"s":{"0":1,"1":1,"2":1,"3":1,"4":1,"5":1,"6":1,"7":1},"f":{},"b":{},"_coverageSchema":"1a1c01bbd47fc00a2c39e90264f33305004495a9","hash":"aec5cad4eda16f5ae11905b3b34ef5de3f5a7a86"}
}
