TN:
SF:controllers\endpoints.controller.js
FN:2,registrarEstudiante
FN:12,inicioSesion
FN:22,asignacion
FNF:3
FNH:1
FNDA:4,registrarEstudiante
FNDA:0,inicioSesion
FNDA:0,asignacion
DA:3,4
DA:4,4
DA:5,3
DA:6,1
DA:8,2
DA:13,0
DA:14,0
DA:15,0
DA:16,0
DA:18,0
DA:23,0
DA:24,0
DA:25,0
DA:26,0
DA:28,0
DA:32,1
LF:16
LH:6
BRDA:4,0,0,1
BRDA:4,0,1,3
BRDA:5,1,0,1
BRDA:5,1,1,2
BRDA:5,2,0,3
BRDA:5,2,1,3
BRDA:5,2,2,3
BRDA:5,2,3,3
BRDA:5,2,4,2
BRDA:5,2,5,2
BRDA:5,2,6,2
BRDA:14,3,0,0
BRDA:14,3,1,0
BRDA:15,4,0,0
BRDA:15,4,1,0
BRDA:15,5,0,0
BRDA:15,5,1,0
BRDA:24,6,0,0
BRDA:24,6,1,0
BRDA:25,7,0,0
BRDA:25,7,1,0
BRDA:25,8,0,0
BRDA:25,8,1,0
BRDA:25,8,2,0
BRDA:25,8,3,0
BRDA:25,8,4,0
BRDA:25,8,5,0
BRF:27
BRH:11
end_of_record
TN:
SF:routes\endpoints.route.js
FNF:0
FNH:0
DA:1,1
DA:2,1
DA:3,1
DA:4,1
DA:6,1
DA:7,1
DA:8,1
DA:10,1
LF:8
LH:8
BRF:0
BRH:0
end_of_record
