TN:
SF:controllers\endpoints.controller.js
FN:2,registrarEstudiante
FN:13,inicioSesion
FN:23,asignacion
FNF:3
FNH:3
FNDA:5,registrarEstudiante
FNDA:4,inicioSesion
FNDA:4,asignacion
DA:3,5
DA:4,5
DA:5,4
DA:6,3
DA:7,1
DA:9,2
DA:14,4
DA:15,4
DA:16,3
DA:17,1
DA:19,2
DA:24,4
DA:25,4
DA:26,3
DA:27,1
DA:29,2
DA:33,1
LF:17
LH:17
BRDA:4,0,0,1
BRDA:4,0,1,4
BRDA:5,1,0,1
BRDA:5,1,1,3
BRDA:6,2,0,1
BRDA:6,2,1,2
BRDA:6,3,0,3
BRDA:6,3,1,3
BRDA:6,3,2,3
BRDA:6,3,3,3
BRDA:6,3,4,2
BRDA:6,3,5,2
BRDA:6,3,6,2
BRDA:15,4,0,1
BRDA:15,4,1,3
BRDA:16,5,0,1
BRDA:16,5,1,2
BRDA:16,6,0,3
BRDA:16,6,1,2
BRDA:25,7,0,1
BRDA:25,7,1,3
BRDA:26,8,0,1
BRDA:26,8,1,2
BRDA:26,9,0,3
BRDA:26,9,1,3
BRDA:26,9,2,3
BRDA:26,9,3,2
BRDA:26,9,4,2
BRDA:26,9,5,2
BRF:29
BRH:29
end_of_record
TN:
SF:routes\endpoints.route.js
FNF:0
FNH:0
DA:1,1
DA:2,1
DA:3,1
DA:4,1
DA:6,1
DA:7,1
DA:8,1
DA:10,1
LF:8
LH:8
BRF:0
BRH:0
end_of_record
